Determining if the pthread_create exist failed with the following output:
Change Dir: /home/sangita/project_ws/AER1516/build_isolated/faster_msgs/CMakeFiles/CMakeTmp

Run Build Command:"/usr/bin/make" "cmTC_6060f/fast"
/usr/bin/make -f CMakeFiles/cmTC_6060f.dir/build.make CMakeFiles/cmTC_6060f.dir/build
make[1]: Entering directory '/home/sangita/project_ws/AER1516/build_isolated/faster_msgs/CMakeFiles/CMakeTmp'
Building C object CMakeFiles/cmTC_6060f.dir/CheckSymbolExists.c.o
/usr/bin/cc    -o CMakeFiles/cmTC_6060f.dir/CheckSymbolExists.c.o   -c /home/sangita/project_ws/AER1516/build_isolated/faster_msgs/CMakeFiles/CMakeTmp/CheckSymbolExists.c
Linking C executable cmTC_6060f
/usr/bin/cmake -E cmake_link_script CMakeFiles/cmTC_6060f.dir/link.txt --verbose=1
/usr/bin/cc      -rdynamic CMakeFiles/cmTC_6060f.dir/CheckSymbolExists.c.o  -o cmTC_6060f 
CMakeFiles/cmTC_6060f.dir/CheckSymbolExists.c.o: In function `main':
CheckSymbolExists.c:(.text+0x1b): undefined reference to `pthread_create'
collect2: error: ld returned 1 exit status
CMakeFiles/cmTC_6060f.dir/build.make:97: recipe for target 'cmTC_6060f' failed
make[1]: *** [cmTC_6060f] Error 1
make[1]: Leaving directory '/home/sangita/project_ws/AER1516/build_isolated/faster_msgs/CMakeFiles/CMakeTmp'
Makefile:126: recipe for target 'cmTC_6060f/fast' failed
make: *** [cmTC_6060f/fast] Error 2

File /home/sangita/project_ws/AER1516/build_isolated/faster_msgs/CMakeFiles/CMakeTmp/CheckSymbolExists.c:
/* */
#include <pthread.h>

int main(int argc, char** argv)
{
  (void)argv;
#ifndef pthread_create
  return ((int*)(&pthread_create))[argc];
#else
  (void)argc;
  return 0;
#endif
}

Determining if the function pthread_create exists in the pthreads failed with the following output:
Change Dir: /home/sangita/project_ws/AER1516/build_isolated/faster_msgs/CMakeFiles/CMakeTmp

Run Build Command:"/usr/bin/make" "cmTC_85efb/fast"
/usr/bin/make -f CMakeFiles/cmTC_85efb.dir/build.make CMakeFiles/cmTC_85efb.dir/build
make[1]: Entering directory '/home/sangita/project_ws/AER1516/build_isolated/faster_msgs/CMakeFiles/CMakeTmp'
Building C object CMakeFiles/cmTC_85efb.dir/CheckFunctionExists.c.o
/usr/bin/cc   -DCHECK_FUNCTION_EXISTS=pthread_create   -o CMakeFiles/cmTC_85efb.dir/CheckFunctionExists.c.o   -c /usr/share/cmake-3.10/Modules/CheckFunctionExists.c
Linking C executable cmTC_85efb
/usr/bin/cmake -E cmake_link_script CMakeFiles/cmTC_85efb.dir/link.txt --verbose=1
/usr/bin/cc  -DCHECK_FUNCTION_EXISTS=pthread_create    -rdynamic CMakeFiles/cmTC_85efb.dir/CheckFunctionExists.c.o  -o cmTC_85efb -lpthreads 
/usr/bin/ld: cannot find -lpthreads
collect2: error: ld returned 1 exit status
CMakeFiles/cmTC_85efb.dir/build.make:97: recipe for target 'cmTC_85efb' failed
make[1]: *** [cmTC_85efb] Error 1
make[1]: Leaving directory '/home/sangita/project_ws/AER1516/build_isolated/faster_msgs/CMakeFiles/CMakeTmp'
Makefile:126: recipe for target 'cmTC_85efb/fast' failed
make: *** [cmTC_85efb/fast] Error 2


