Determining if the pthread_create exist failed with the following output:
Change Dir: /home/sangita/project_ws/AER1516/build_isolated/global_mapper_ros/CMakeFiles/CMakeTmp

Run Build Command:"/usr/bin/make" "cmTC_8edcc/fast"
/usr/bin/make -f CMakeFiles/cmTC_8edcc.dir/build.make CMakeFiles/cmTC_8edcc.dir/build
make[1]: Entering directory '/home/sangita/project_ws/AER1516/build_isolated/global_mapper_ros/CMakeFiles/CMakeTmp'
Building C object CMakeFiles/cmTC_8edcc.dir/CheckSymbolExists.c.o
/usr/bin/cc    -o CMakeFiles/cmTC_8edcc.dir/CheckSymbolExists.c.o   -c /home/sangita/project_ws/AER1516/build_isolated/global_mapper_ros/CMakeFiles/CMakeTmp/CheckSymbolExists.c
Linking C executable cmTC_8edcc
/usr/bin/cmake -E cmake_link_script CMakeFiles/cmTC_8edcc.dir/link.txt --verbose=1
/usr/bin/cc      -rdynamic CMakeFiles/cmTC_8edcc.dir/CheckSymbolExists.c.o  -o cmTC_8edcc 
CMakeFiles/cmTC_8edcc.dir/CheckSymbolExists.c.o: In function `main':
CheckSymbolExists.c:(.text+0x1b): undefined reference to `pthread_create'
collect2: error: ld returned 1 exit status
CMakeFiles/cmTC_8edcc.dir/build.make:97: recipe for target 'cmTC_8edcc' failed
make[1]: *** [cmTC_8edcc] Error 1
make[1]: Leaving directory '/home/sangita/project_ws/AER1516/build_isolated/global_mapper_ros/CMakeFiles/CMakeTmp'
Makefile:126: recipe for target 'cmTC_8edcc/fast' failed
make: *** [cmTC_8edcc/fast] Error 2

File /home/sangita/project_ws/AER1516/build_isolated/global_mapper_ros/CMakeFiles/CMakeTmp/CheckSymbolExists.c:
/* */
#include <pthread.h>

int main(int argc, char** argv)
{
  (void)argv;
#ifndef pthread_create
  return ((int*)(&pthread_create))[argc];
#else
  (void)argc;
  return 0;
#endif
}

Determining if the function pthread_create exists in the pthreads failed with the following output:
Change Dir: /home/sangita/project_ws/AER1516/build_isolated/global_mapper_ros/CMakeFiles/CMakeTmp

Run Build Command:"/usr/bin/make" "cmTC_dcdad/fast"
/usr/bin/make -f CMakeFiles/cmTC_dcdad.dir/build.make CMakeFiles/cmTC_dcdad.dir/build
make[1]: Entering directory '/home/sangita/project_ws/AER1516/build_isolated/global_mapper_ros/CMakeFiles/CMakeTmp'
Building C object CMakeFiles/cmTC_dcdad.dir/CheckFunctionExists.c.o
/usr/bin/cc   -DCHECK_FUNCTION_EXISTS=pthread_create   -o CMakeFiles/cmTC_dcdad.dir/CheckFunctionExists.c.o   -c /usr/share/cmake-3.10/Modules/CheckFunctionExists.c
Linking C executable cmTC_dcdad
/usr/bin/cmake -E cmake_link_script CMakeFiles/cmTC_dcdad.dir/link.txt --verbose=1
/usr/bin/cc  -DCHECK_FUNCTION_EXISTS=pthread_create    -rdynamic CMakeFiles/cmTC_dcdad.dir/CheckFunctionExists.c.o  -o cmTC_dcdad -lpthreads 
/usr/bin/ld: cannot find -lpthreads
collect2: error: ld returned 1 exit status
CMakeFiles/cmTC_dcdad.dir/build.make:97: recipe for target 'cmTC_dcdad' failed
make[1]: *** [cmTC_dcdad] Error 1
make[1]: Leaving directory '/home/sangita/project_ws/AER1516/build_isolated/global_mapper_ros/CMakeFiles/CMakeTmp'
Makefile:126: recipe for target 'cmTC_dcdad/fast' failed
make: *** [cmTC_dcdad/fast] Error 2


