Determining if the pthread_create exist failed with the following output:
Change Dir: /home/sangita/project_ws/AER1516/build_isolated/decomp_ros_msgs/CMakeFiles/CMakeTmp

Run Build Command:"/usr/bin/make" "cmTC_efd2b/fast"
/usr/bin/make -f CMakeFiles/cmTC_efd2b.dir/build.make CMakeFiles/cmTC_efd2b.dir/build
make[1]: Entering directory '/home/sangita/project_ws/AER1516/build_isolated/decomp_ros_msgs/CMakeFiles/CMakeTmp'
Building C object CMakeFiles/cmTC_efd2b.dir/CheckSymbolExists.c.o
/usr/bin/cc    -o CMakeFiles/cmTC_efd2b.dir/CheckSymbolExists.c.o   -c /home/sangita/project_ws/AER1516/build_isolated/decomp_ros_msgs/CMakeFiles/CMakeTmp/CheckSymbolExists.c
Linking C executable cmTC_efd2b
/usr/bin/cmake -E cmake_link_script CMakeFiles/cmTC_efd2b.dir/link.txt --verbose=1
/usr/bin/cc      -rdynamic CMakeFiles/cmTC_efd2b.dir/CheckSymbolExists.c.o  -o cmTC_efd2b 
CMakeFiles/cmTC_efd2b.dir/CheckSymbolExists.c.o: In function `main':
CheckSymbolExists.c:(.text+0x1b): undefined reference to `pthread_create'
collect2: error: ld returned 1 exit status
CMakeFiles/cmTC_efd2b.dir/build.make:97: recipe for target 'cmTC_efd2b' failed
make[1]: *** [cmTC_efd2b] Error 1
make[1]: Leaving directory '/home/sangita/project_ws/AER1516/build_isolated/decomp_ros_msgs/CMakeFiles/CMakeTmp'
Makefile:126: recipe for target 'cmTC_efd2b/fast' failed
make: *** [cmTC_efd2b/fast] Error 2

File /home/sangita/project_ws/AER1516/build_isolated/decomp_ros_msgs/CMakeFiles/CMakeTmp/CheckSymbolExists.c:
/* */
#include <pthread.h>

int main(int argc, char** argv)
{
  (void)argv;
#ifndef pthread_create
  return ((int*)(&pthread_create))[argc];
#else
  (void)argc;
  return 0;
#endif
}

Determining if the function pthread_create exists in the pthreads failed with the following output:
Change Dir: /home/sangita/project_ws/AER1516/build_isolated/decomp_ros_msgs/CMakeFiles/CMakeTmp

Run Build Command:"/usr/bin/make" "cmTC_7f49a/fast"
/usr/bin/make -f CMakeFiles/cmTC_7f49a.dir/build.make CMakeFiles/cmTC_7f49a.dir/build
make[1]: Entering directory '/home/sangita/project_ws/AER1516/build_isolated/decomp_ros_msgs/CMakeFiles/CMakeTmp'
Building C object CMakeFiles/cmTC_7f49a.dir/CheckFunctionExists.c.o
/usr/bin/cc   -DCHECK_FUNCTION_EXISTS=pthread_create   -o CMakeFiles/cmTC_7f49a.dir/CheckFunctionExists.c.o   -c /usr/share/cmake-3.10/Modules/CheckFunctionExists.c
Linking C executable cmTC_7f49a
/usr/bin/cmake -E cmake_link_script CMakeFiles/cmTC_7f49a.dir/link.txt --verbose=1
/usr/bin/cc  -DCHECK_FUNCTION_EXISTS=pthread_create    -rdynamic CMakeFiles/cmTC_7f49a.dir/CheckFunctionExists.c.o  -o cmTC_7f49a -lpthreads 
/usr/bin/ld: cannot find -lpthreads
collect2: error: ld returned 1 exit status
CMakeFiles/cmTC_7f49a.dir/build.make:97: recipe for target 'cmTC_7f49a' failed
make[1]: *** [cmTC_7f49a] Error 1
make[1]: Leaving directory '/home/sangita/project_ws/AER1516/build_isolated/decomp_ros_msgs/CMakeFiles/CMakeTmp'
Makefile:126: recipe for target 'cmTC_7f49a/fast' failed
make: *** [cmTC_7f49a/fast] Error 2


