Determining if the pthread_create exist failed with the following output:
Change Dir: /home/sangita/project_ws/AER1516/build_isolated/fla_msgs/CMakeFiles/CMakeTmp

Run Build Command:"/usr/bin/make" "cmTC_3b625/fast"
/usr/bin/make -f CMakeFiles/cmTC_3b625.dir/build.make CMakeFiles/cmTC_3b625.dir/build
make[1]: Entering directory '/home/sangita/project_ws/AER1516/build_isolated/fla_msgs/CMakeFiles/CMakeTmp'
Building C object CMakeFiles/cmTC_3b625.dir/CheckSymbolExists.c.o
/usr/bin/cc    -o CMakeFiles/cmTC_3b625.dir/CheckSymbolExists.c.o   -c /home/sangita/project_ws/AER1516/build_isolated/fla_msgs/CMakeFiles/CMakeTmp/CheckSymbolExists.c
Linking C executable cmTC_3b625
/usr/bin/cmake -E cmake_link_script CMakeFiles/cmTC_3b625.dir/link.txt --verbose=1
/usr/bin/cc      -rdynamic CMakeFiles/cmTC_3b625.dir/CheckSymbolExists.c.o  -o cmTC_3b625 
CMakeFiles/cmTC_3b625.dir/CheckSymbolExists.c.o: In function `main':
CheckSymbolExists.c:(.text+0x1b): undefined reference to `pthread_create'
collect2: error: ld returned 1 exit status
CMakeFiles/cmTC_3b625.dir/build.make:97: recipe for target 'cmTC_3b625' failed
make[1]: *** [cmTC_3b625] Error 1
make[1]: Leaving directory '/home/sangita/project_ws/AER1516/build_isolated/fla_msgs/CMakeFiles/CMakeTmp'
Makefile:126: recipe for target 'cmTC_3b625/fast' failed
make: *** [cmTC_3b625/fast] Error 2

File /home/sangita/project_ws/AER1516/build_isolated/fla_msgs/CMakeFiles/CMakeTmp/CheckSymbolExists.c:
/* */
#include <pthread.h>

int main(int argc, char** argv)
{
  (void)argv;
#ifndef pthread_create
  return ((int*)(&pthread_create))[argc];
#else
  (void)argc;
  return 0;
#endif
}

Determining if the function pthread_create exists in the pthreads failed with the following output:
Change Dir: /home/sangita/project_ws/AER1516/build_isolated/fla_msgs/CMakeFiles/CMakeTmp

Run Build Command:"/usr/bin/make" "cmTC_15019/fast"
/usr/bin/make -f CMakeFiles/cmTC_15019.dir/build.make CMakeFiles/cmTC_15019.dir/build
make[1]: Entering directory '/home/sangita/project_ws/AER1516/build_isolated/fla_msgs/CMakeFiles/CMakeTmp'
Building C object CMakeFiles/cmTC_15019.dir/CheckFunctionExists.c.o
/usr/bin/cc   -DCHECK_FUNCTION_EXISTS=pthread_create   -o CMakeFiles/cmTC_15019.dir/CheckFunctionExists.c.o   -c /usr/share/cmake-3.10/Modules/CheckFunctionExists.c
Linking C executable cmTC_15019
/usr/bin/cmake -E cmake_link_script CMakeFiles/cmTC_15019.dir/link.txt --verbose=1
/usr/bin/cc  -DCHECK_FUNCTION_EXISTS=pthread_create    -rdynamic CMakeFiles/cmTC_15019.dir/CheckFunctionExists.c.o  -o cmTC_15019 -lpthreads 
/usr/bin/ld: cannot find -lpthreads
collect2: error: ld returned 1 exit status
CMakeFiles/cmTC_15019.dir/build.make:97: recipe for target 'cmTC_15019' failed
make[1]: *** [cmTC_15019] Error 1
make[1]: Leaving directory '/home/sangita/project_ws/AER1516/build_isolated/fla_msgs/CMakeFiles/CMakeTmp'
Makefile:126: recipe for target 'cmTC_15019/fast' failed
make: *** [cmTC_15019/fast] Error 2


